0:100  0:100  MemLog inited, TSC freq: 3200001090
0:100  0:000  CPU was calibrated with ACPI PM Timer
0:100  0:000  
0:100  0:000  Now is 12.8.2019,  7:29:29 (GMT)
0:100  0:000  Starting Clover revision: 4630 on American Megatrends EFI
0:100  0:000  Build with: [Args: -D NO_GRUB_DRIVERS_EMBEDDED | -D NO_GRUB_DRIVERS_EMBEDDED -D USE_LOW_EBDA -a X64 -b RELEASE -t XCODE8 -n 5 | OS: 10.13.6 | XCODE: 9.4.1]
0:100  0:000  SelfDevicePath=PciRoot(0x0)\Pci(0x1F,0x2)\Sata(0x1,0xFFFF,0x0)\HD(1,GPT,9D6AFD0C-C2E2-48C3-A78C-FD06549E7DD7,0x800,0xFA000) @CBD83718
0:100  0:000  SelfDirPath = \EFI\BOOT
0:100  0:000  === [ Get Smbios ] ========================================
0:100  0:000  Type 16 Index = 0
0:100  0:000  Total Memory Slots Count = 4
0:100  0:000  Type 17 Index = 0
0:100  0:000  Ignoring insane frequency value 0MHz
0:100  0:000  SmbiosTable.Type17->Speed = 0MHz
0:100  0:000  SmbiosTable.Type17->Size = 0MB
0:100  0:000  SmbiosTable.Type17->Bank/Device = BANK 0 ChannelA-DIMM0
0:100  0:000  SmbiosTable.Type17->Vendor = <null string>
0:100  0:000  SmbiosTable.Type17->SerialNumber = <null string>
0:100  0:000  SmbiosTable.Type17->PartNumber = <null string>
0:100  0:000  Type 17 Index = 1
0:100  0:000  Ignoring insane frequency value 0MHz
0:100  0:000  SmbiosTable.Type17->Speed = 0MHz
0:100  0:000  SmbiosTable.Type17->Size = 0MB
0:100  0:000  SmbiosTable.Type17->Bank/Device = BANK 1 ChannelA-DIMM1
0:100  0:000  SmbiosTable.Type17->Vendor = <null string>
0:100  0:000  SmbiosTable.Type17->SerialNumber = <null string>
0:100  0:000  SmbiosTable.Type17->PartNumber = <null string>
0:100  0:000  Type 17 Index = 2
0:100  0:000  SmbiosTable.Type17->Speed = 1600MHz
0:100  0:000  SmbiosTable.Type17->Size = 8192MB
0:100  0:000  SmbiosTable.Type17->Bank/Device = BANK 2 ChannelB-DIMM0
0:100  0:000  SmbiosTable.Type17->Vendor = Kingston
0:100  0:000  SmbiosTable.Type17->SerialNumber = CF14DE4E
0:100  0:000  SmbiosTable.Type17->PartNumber = KHX1600C10D3/8GX  
0:100  0:000  Type 17 Index = 3
0:100  0:000  SmbiosTable.Type17->Speed = 1600MHz
0:100  0:000  SmbiosTable.Type17->Size = 8192MB
0:100  0:000  SmbiosTable.Type17->Bank/Device = BANK 3 ChannelB-DIMM1
0:100  0:000  SmbiosTable.Type17->Vendor = Kingston
0:100  0:000  SmbiosTable.Type17->SerialNumber = 1D3029F9
0:100  0:000  SmbiosTable.Type17->PartNumber = KHX1600C10D3/8G   
0:100  0:000  Boot status=0
0:100  0:000  Running on: 'MS-7918' with board 'Z97 GAMING 3 (MS-7918)'
0:100  0:000  === [ GetCPUProperties ] ==================================
0:100  0:000  CPU Vendor = 756E6547 Model=306C3
0:100  0:000   The CPU supported SSE4.1
0:100  0:000  BrandString = Intel(R) Core(TM) i5-4570 CPU @ 3.20GHz
0:100  0:000   The CPU supported turbo
0:100  0:000  MSR 0x35               40004
0:100  0:000  MSR 0xE2 before patch 1E008400
0:100  0:000  MSR 0xE2 is locked, PM patches will be turned on
0:100  0:000  MSR 0xCE              00080838_F3012000
0:100  0:000  corrected FLEX_RATIO = 0
0:100  0:000  FSBFrequency = 100 MHz, DMI FSBFrequency = 100 MHz, Corrected FSBFrequency = 100 MHz
0:100  0:000  MaxDiv/MinDiv: 32.0/8
0:100  0:000  Turbo: 34/35/36/36
0:100  0:000  Features: 0xBFEBFBFF
0:100  0:000  Threads: 4
0:100  0:000  Cores: 4
0:100  0:000  FSB: 100 MHz
0:100  0:000  CPU: 3200 MHz
0:100  0:000  TSC: 3200 MHz
0:100  0:000  PIS: 100 MHz
0:100  0:000  ExternalClock: 25 MHz
0:100  0:000  === [ GetDevices ] ========================================
0:100  0:000  PCI (00|00:00.00) : 8086 0C00 class=060000
0:100  0:000  PCI (00|00:01.00) : 8086 0C01 class=060400
0:100  0:000  PCI (00|01:00.00) : 10DE 1401 class=030000
0:100  0:000   - GFX: Model=MSI GeForce GTX 960 family 126 (Nvidia)
0:100  0:000  PCI (00|01:00.01) : 10DE 0FBA class=040300
0:100  0:000   - HDMI Audio: 
0:100  0:000  PCI (00|00:14.00) : 8086 8CB1 class=0C0330
0:100  0:000  PCI (00|00:16.00) : 8086 8CBA class=078000
0:100  0:000  PCI (00|00:16.01) : FFFF FFFF class=FFFFFF
0:100  0:000  PCI (00|00:1A.00) : 8086 8CAD class=0C0320
0:100  0:000  PCI (00|00:1B.00) : 8086 8CA0 class=040300
0:100  0:000  PCI (00|00:1C.00) : 8086 8C90 class=060400
0:100  0:000  PCI (00|00:1C.02) : 8086 8C94 class=060400
0:100  0:000  PCI (00|03:00.00) : 1969 E091 class=020000
0:100  0:000   - LAN: 0 Vendor=Atheros
0:100  0:000  PCI (00|00:1C.03) : 8086 244E class=060401
0:100  0:000  PCI (00|04:00.00) : 1B21 1080 class=060400
0:100  0:000  PCI (00|00:1C.06) : 8086 8C9C class=060400
0:100  0:000  PCI (00|06:00.00) : 8086 095A class=028000
0:100  0:000   - WIFI: Vendor=Intel
0:100  0:000  PCI (00|00:1D.00) : 8086 8CA6 class=0C0320
0:100  0:000  PCI (00|00:1F.00) : 8086 8CC4 class=060100
0:100  0:000  PCI (00|00:1F.02) : 8086 8C82 class=010601
0:100  0:000  PCI (00|00:1F.03) : 8086 8CA2 class=0C0500
0:100  0:000  === [ GetDefaultSettings ] ================================
0:100  0:000  Clover load options size = 4 bytes
0:102  0:002  EFI\CLOVER\config.plist loaded: Success
0:102  0:000  === [ GetListOfThemes ] ===================================
0:103  0:001  - [00]: METAL
0:106  0:002  - [01]: Material
0:107  0:001  - [02]: Beauty
0:109  0:001  === [ Found config plists ] ===============================
0:109  0:000  - config.plist
0:109  0:000  === [ GetEarlyUserSettings ] ==============================
0:109  0:000  timeout set to 3
0:109  0:000  Custom boot CUSTOM_BOOT_DISABLED (0x0)
0:109  0:000  KextsToPatch: 5 requested
0:109  0:000   - [00]: com.apple.driver.usb.AppleUSBXHCI (USB 10.13.4+ by PMHeart) :: MatchOS: 10.13.x :: BinPatch :: data len: 10
0:109  0:000   - [01]: AppleUSBXHCIPCI (USB Port Limit Patch) :: MatchOS: 10.13 :: BinPatch :: data len: 4
0:109  0:000   - [02]: com.apple.iokit.IOAHCIBlockStorage (Enable TRIM for SSD) :: MatchOS: 10.13 :: BinPatch :: data len: 11
0:109  0:000   - patch disabled at config
0:109  0:000   - [03]: IONVMeFamily   (External NVME Icon Patch    ) :: MatchOS: 10.13 :: BinPatch :: data len: 8
0:109  0:000   - patch disabled at config
0:109  0:000   - [04]: USB Port 15->26 (com.apple.driver.usb.AppleUSBXHCI) :: MatchOS: 10.13.6 :: BinPatch :: data len: 8
0:109  0:000  KernelToPatch: 1 requested
0:109  0:000   - [00]: External NVMe FIX :: MatchOS: 10.13.x :: data len: 8
0:109  0:000  Default theme: Material
0:109  0:000  Hiding entries with string Recovery
0:109  0:000  Hiding entries with string Preboot
0:109  0:000  === [ LoadDrivers ] =======================================
0:110  0:001  Loading OsxFatBinaryDrv-64.efi  status=Success
0:111  0:000  Loading PartitionDxe-64.efi  status=Success
0:111  0:000   - driver needs connecting
0:111  0:000  Loading AppleImageCodec-64.efi  status=Success
0:112  0:000  Loading AppleUITheme-64.efi  status=Success
0:112  0:000  Loading DataHubDxe-64.efi  status=Success
0:117  0:004  Loading AppleKeyAggregator-64.efi  status=Success
0:117  0:000  Loading APFS.EFI  status=Success
0:120  0:002   - driver needs connecting
0:120  0:000  Loading VBoxHfs-64.efi  status=Success
0:120  0:000   - driver needs connecting
0:120  0:000  Loading FSInject-64.efi  status=Success
0:121  0:000  Loading FirmwareVolume-64.efi  status=Success
0:121  0:000  Loading EmuVariableUefi-64.efi  status=Success
0:122  0:000  EmuVariableUefi Initialize: VariableCommonInitialize = Success, orig services stored, install gEmuVariableControlProtocolGuid = Success
0:122  0:000  Loading SMCHelper-64.efi  status=Success
0:123  0:000  Loading OsxAptioFixDrv-64.efi  status=Success
0:123  0:000  3 drivers needs connecting ...
0:123  0:000  PlatformDriverOverrideProtocol->GetDriver overriden
0:123  0:000  Partition driver loaded: 
0:123  0:000  APFS driver loaded
0:123  0:000  Searching for invalid DiskIo BY_DRIVER connects: not found, all ok
0:545  0:421  EmuVariable InstallEmulation: orig vars copied, emu.var.services installed, CreateEvent VirtualAddressChange = Success, CreateEvent ExitBootServices = Success, set Status=Success
0:554  0:008  === [ InitScreen ] ========================================
0:554  0:000  SetScreenResolution: 1920x1080 - not found!
0:554  0:000  SetMaxResolution: found best mode 2: 1280x1024
0:699  0:145  Video mode change to mode #2: Success
0:699  0:000   - set
0:699  0:000  Console modes reported: 4, available modes:
0:699  0:000   - [01]: 80x25
0:699  0:000   - [02]: 80x50
0:699  0:000   - [03]: 100x31
0:699  0:000   - [04]: 128x40 (current mode)
0:699  0:000  reinit: self device path=PciRoot(0x0)\Pci(0x1F,0x2)\Sata(0x1,0xFFFF,0x0)\HD(1,GPT,9D6AFD0C-C2E2-48C3-A78C-FD06549E7DD7,0x800,0xFA000)
0:699  0:000  === [ GetMacAddress ] =====================================
0:699  0:000  MAC address of LAN #0= 44:8A:5B:9F:7F:A8:
0:699  0:000  === [ ScanSPD ] ===========================================
0:700  0:000  SMBus device : 8086 8CA2 class=0C0500 status=Success
0:700  0:000  SMBus CmdReg: 0x3
0:700  0:000  Scanning SMBus [8086:8CA2], mmio: 0xEF314004, ioport: 0xF000, hostc: 0x11
0:700  0:000  Slots to scan [8]...
0:700  0:000  SPD[2]: Type 11 @0x52
0:719  0:018  XMP Profile1: 10*1/8ns
0:719  0:000  Found module with XMP version 1.3
0:719  0:000  Using XMP Profile1 instead of standard frequency 1333MHz
0:719  0:000  DDR speed 1600MHz
0:719  0:000  Slot: 2 Type 24 8192MB 1600MHz Vendor=Kingston PartNo=KHX1600C10D38GX SerialNo=0C0F01040D0E040E
0:719  0:000  SPD[3]: Type 11 @0x53
0:738  0:018  Not using XMP because it is not present
0:738  0:000  DDR speed 1600MHz
0:738  0:000  Slot: 3 Type 24 8192MB 1600MHz Vendor=Kingston PartNo=KHX1600C10D38G SerialNo=010D030002090F09
0:738  0:000  === [ GetAcpiTablesList ] =================================
0:738  0:000  Get Acpi Tables List from RSDT:
0:738  0:000   - [00]: FACP  A M I len=132
0:738  0:000   - [01]: APIC  A M I len=114
0:738  0:000   - [02]: FPDT  A M I len=68
0:738  0:000   - [03]: FIDT  A M I len=156
0:738  0:000   - [04]: ASF!   HCG len=165
0:738  0:000   - [05]: SSDT  Ther_Rvp len=3197
0:738  0:000   - [06]: SSDT  Cpu0Ist len=1337
0:738  0:000   - [07]: SSDT  CpuSsdt len=2932
0:738  0:000   - [08]: MCFG  A M I len=60
0:738  0:000   - [09]: HPET  A M I len=56
0:738  0:000   - [10]: SSDT  SataTabl len=877
0:738  0:000   - [11]: SSDT  SaSsdt  len=22581
0:738  0:000   - [12]: UEFI  A M I len=66
0:738  0:000   - [13]: DMAR  BDW  len=128
0:738  0:000   - [14]: BGRT  A M I len=56
0:738  0:000  Calibrated TSC Frequency = 3200001090 = 3200MHz
0:738  0:000  === [ GetUserSettings ] ===================================
0:738  0:000  Add 1 devices:
0:738  0:000  USB FixOwnership: yes
0:738  0:000   - final DSDT Fix mask=00001000
0:738  0:000  PatchesDSDT: 3 requested
0:738  0:000   - [00]: (change EHC1 to EH01) lenToFind: 4, lenToReplace: 4, Target Bridge: <null string>
0:738  0:000    patch disabled at config
0:738  0:000   - [01]: (change EHC2 to EH02) lenToFind: 4, lenToReplace: 4, Target Bridge: <null string>
0:738  0:000    patch disabled at config
0:738  0:000   - [02]: (Rename XHCI to XHC (USB)) lenToFind: 4, lenToReplace: 4, Target Bridge: <null string>
0:738  0:000  Using ProductName from config: iMac14,2
0:738  0:000  Found same BiosVersion in clover and config
0:738  0:000  BiosVersion: IM142.88Z.0130.B00.1804091831
0:738  0:000  BiosReleaseDate: 04/09/2018
0:738  0:000  Using FirmwareFeatures from config: 0xE00FE137
0:738  0:000  Using FirmwareFeaturesMask from config: 0xFF1FFF3F
0:738  0:000  Board-ID set from config as Mac-27ADBB7B4CEE8E61
0:738  0:000  BoardType: 0xA
0:738  0:000  ChassisType: 0xD
0:738  0:000  Converted CustomUUID E5C1506F-A3DA-57BE-912B-02C0ACC67582
0:740  0:001  === [ Found DSDT tables ] =================================
1:358  0:618  === [ ScanVolumes ] =======================================
1:358  0:000  Found 18 volumes with blockIO
1:358  0:000  - [00]: Volume: PciRoot(0x0)\Pci(0x1F,0x2)\Sata(0x0,0xFFFF,0x0)
1:358  0:000          Result of bootcode detection: bootable unknown (legacy)
1:358  0:000  - [01]: Volume: PciRoot(0x0)\Pci(0x1F,0x2)\Sata(0x1,0xFFFF,0x0)
1:359  0:000          Result of bootcode detection: bootable unknown (legacy)
1:359  0:000  - [02]: Volume: PciRoot(0x0)\Pci(0x1F,0x2)\Sata(0x4,0xFFFF,0x0)
1:620  0:261  - [03]: Volume: PciRoot(0x0)\Pci(0x1F,0x2)\Sata(0x0,0xFFFF,0x0)\HD(1,GPT,7EB8BFC7-5A4F-415C-86EF-23BD32F64088,0x800,0xFA000)
1:620  0:000          Result of bootcode detection: bootable Windows (vista,win)
1:621  0:000  - [04]: Volume: PciRoot(0x0)\Pci(0x1F,0x2)\Sata(0x0,0xFFFF,0x0)\HD(2,GPT,32A0F158-AE76-49A3-A784-812FB55FEBE5,0xFA800,0x40000)
1:622  0:000  - [05]: Volume: PciRoot(0x0)\Pci(0x1F,0x2)\Sata(0x0,0xFFFF,0x0)\HD(3,GPT,5B1F8E57-F9B0-4DF5-A49E-677568C03B9C,0x13A800,0xC800800)
1:622  0:000          Result of bootcode detection: bootable Windows (vista,win)
1:622  0:000  - [06]: Volume: PciRoot(0x0)\Pci(0x1F,0x2)\Sata(0x0,0xFFFF,0x0)\HD(4,GPT,75C1702D-F9AF-4355-B507-E16FFF3DE62B,0xC93B000,0xC800800)
1:623  0:000          Result of bootcode detection: bootable Windows (vista,win)
1:623  0:000  - [07]: Volume: PciRoot(0x0)\Pci(0x1F,0x2)\Sata(0x0,0xFFFF,0x0)\HD(5,GPT,F927258B-B0CA-4C17-B849-177A44928DD6,0x1913B800,0x1ED07E8F)
1:623  0:000          Result of bootcode detection: bootable Windows (vista,win)
1:623  0:000  - [08]: Volume: PciRoot(0x0)\Pci(0x1F,0x2)\Sata(0x1,0xFFFF,0x0)\HD(1,GPT,9D6AFD0C-C2E2-48C3-A78C-FD06549E7DD7,0x800,0xFA000)
1:624  0:000          Result of bootcode detection: bootable Windows (win)
1:626  0:002          This is SelfVolume !!
1:626  0:000  - [09]: Volume: PciRoot(0x0)\Pci(0x1F,0x2)\Sata(0x1,0xFFFF,0x0)\HD(2,GPT,1122C727-E9D4-44EC-973C-54798F014C4D,0xFA800,0x2C305310)
1:627  0:000          Result of bootcode detection: bootable unknown (legacy)
1:627  0:000  - [10]: Volume: PciRoot(0x0)\Pci(0x1F,0x2)\Sata(0x1,0xFFFF,0x0)\HD(3,GPT,6DCFE811-4CE1-4AE3-B673-3D90F75A5A02,0x2C3FFB10,0xBA03B78)
1:627  0:000  - [11]: Volume: PciRoot(0x0)\Pci(0x1F,0x2)\Sata(0x4,0xFFFF,0x0)\HD(1,GPT,22595C13-6BC0-479B-B3AB-22E2910C5005,0xD6800,0x2579C800)
1:637  0:010          Result of bootcode detection: bootable Windows (vista,win)
1:637  0:000  - [12]: Volume: PciRoot(0x0)\Pci(0x1F,0x2)\Sata(0x4,0xFFFF,0x0)\HD(2,GPT,1DE45189-6944-11E8-82E0-BF77FA4CFCF9,0x25873800,0x25800800)
1:649  0:011          Result of bootcode detection: bootable Windows (vista,win)
1:649  0:000  - [13]: Volume: PciRoot(0x0)\Pci(0x1F,0x2)\Sata(0x4,0xFFFF,0x0)\HD(3,GPT,1DE4518A-6944-11E8-82E0-BF77FA4CFCF9,0x4B074000,0x29692D8F)
1:666  0:017          Result of bootcode detection: bootable Windows (vista,win)
1:666  0:000  - [14]: Volume: PciRoot(0x0)\Pci(0x1F,0x2)\Sata(0x1,0xFFFF,0x0)\HD(2,GPT,1122C727-E9D4-44EC-973C-54798F014C4D,0xFA800,0x2C305310)\VenMedia(BE74FCF7-0B7C-49F3-9147-01F4042E6842,56162368C824A44580F0A00D34DB9580)
1:666  0:000          hiding this volume
1:666  0:000  - [15]: Volume: PciRoot(0x0)\Pci(0x1F,0x2)\Sata(0x1,0xFFFF,0x0)\HD(2,GPT,1122C727-E9D4-44EC-973C-54798F014C4D,0xFA800,0x2C305310)\VenMedia(BE74FCF7-0B7C-49F3-9147-01F4042E6842,7DEE06D51685E947BE667A8344F0F624)
1:666  0:000  - [16]: Volume: PciRoot(0x0)\Pci(0x1F,0x2)\Sata(0x1,0xFFFF,0x0)\HD(2,GPT,1122C727-E9D4-44EC-973C-54798F014C4D,0xFA800,0x2C305310)\VenMedia(BE74FCF7-0B7C-49F3-9147-01F4042E6842,CD497179A9D4AC46910895B05A19CD9F)
1:666  0:000          hiding this volume
1:666  0:000  - [17]: Volume: PciRoot(0x0)\Pci(0x1F,0x2)\Sata(0x1,0xFFFF,0x0)\HD(2,GPT,1122C727-E9D4-44EC-973C-54798F014C4D,0xFA800,0x2C305310)\VenMedia(BE74FCF7-0B7C-49F3-9147-01F4042E6842,B23226604B7FB14EA91E2CB3C5AB816B)
1:670  0:004  PutNvramPlistToRtVars: nvram.plist not found
1:670  0:000  === [ InitTheme ] =========================================
1:678  0:008  Using theme 'Material' (EFI\CLOVER\themes\Material)
1:678  0:000  OS main and drive as badge
1:680  0:001  Loading font from ThemeDir: Success
1:680  0:000  Chosen theme Material
1:680  0:000  after NVRAM boot-args=npci=0x3000 nvda_drv=1
1:680  0:000  === [ Dump SMC keys from NVRAM ] ==========================
1:680  0:000  found AppleSMC protocol
1:681  0:000  Registered 0 SMC keys
1:681  0:000  === [ ScanLoader ] ========================================
1:681  0:000  - [03]: 'EFI'
1:681  0:000          AddLoaderEntry for Volume Name=EFI
1:685  0:004          AddLoaderEntry for Volume Name=EFI
1:685  0:000          skipped because entry is hidden
1:685  0:000  - [05]: 'windows10'
1:685  0:000  - [06]: 'oöSSD'
1:685  0:000  - [07]: '‡cSSD'
1:685  0:000  - [08]: 'EFI'
1:691  0:005          AddLoaderEntry for Volume Name=EFI
1:691  0:000          skipped because entry is hidden
1:691  0:000  - [10]: 'tim Backup'
1:691  0:000  - [11]: 'HD'
1:691  0:000  - [12]: 'å\‡öHD'
1:691  0:000          AddLoaderEntry for Volume Name=å\‡öHD
1:691  0:000          skipped because entry is hidden
1:691  0:000  - [13]: '}HD'
1:691  0:000  - [14]: 'Preboot', hidden
1:691  0:000  - [15]: 'MAC HD'
1:722  0:031          AddLoaderEntry for Volume Name=MAC HD
1:729  0:007      Check if volume Is Hibernated:
1:729  0:000      Check sleep image 'by signature':
1:747  0:017      read prefs \Library\Preferences\com.apple.PowerManagement.plist status=Success
1:747  0:000      using default sleep image name = \private\var\vm\sleepimage
1:759  0:012      sleepimage not found -> Not Found
1:759  0:000      hibernated: no - sign
1:764  0:004  - [16]: 'Recovery', hidden
1:764  0:000  - [17]: 'VM'
1:764  0:000  === [ AddCustomTool ] =====================================
1:767  0:002  found tool \EFI\CLOVER\tools\Shell64U.efi
1:767  0:000  Checking EFI partition Volume 3 for Clover
1:767  0:000  Checking EFI partition Volume 8 for Clover
1:767  0:000   Found Clover
1:769  0:001  EmuVariable UninstallEmulation: CloseEvent = Success, original var services restored
1:771  0:002  EmuVariable InstallEmulation: orig vars copied, emu.var.services installed, CreateEvent VirtualAddressChange = Success, CreateEvent ExitBootServices = Success, set Status=Success
1:780  0:008  === [ GetEfiBootDeviceFromNvram ] =========================
1:780  0:000   - found entry 1. 'Boot macOS from MAC HD', Volume 'MAC HD', DevicePath 'PciRoot(0x0)\Pci(0x1F,0x2)\Sata(0x1,0xFFFF,0x0)\HD(2,GPT,1122C727-E9D4-44EC-973C-54798F014C4D,0xFA800,0x2C305310)\VenMedia(BE74FCF7-0B7C-49F3-9147-01F4042E6842,7DEE06D51685E947BE667A8344F0F624)\System\Library\CoreServices\boot.efii'
1:780  0:000  EmuVariable UninstallEmulation: CloseEvent = Success, original var services restored
1:780  0:000  DefaultIndex=1 and MainMenu.EntryCount=8
3:814  2:034  GUI ready
5:736  1:921  ReinitSelfLib after theme change
5:736  0:000  reinit: self device path=PciRoot(0x0)\Pci(0x1F,0x2)\Sata(0x1,0xFFFF,0x0)\HD(1,GPT,9D6AFD0C-C2E2-48C3-A78C-FD06549E7DD7,0x800,0xFA000)
5:736  0:000  === [ ScanVolumes ] =======================================
5:736  0:000  Found 18 volumes with blockIO
5:736  0:000  - [00]: Volume: PciRoot(0x0)\Pci(0x1F,0x2)\Sata(0x0,0xFFFF,0x0)
5:737  0:000          Result of bootcode detection: bootable unknown (legacy)
5:737  0:000  - [01]: Volume: PciRoot(0x0)\Pci(0x1F,0x2)\Sata(0x1,0xFFFF,0x0)
5:739  0:001          Result of bootcode detection: bootable unknown (legacy)
5:739  0:000  - [02]: Volume: PciRoot(0x0)\Pci(0x1F,0x2)\Sata(0x4,0xFFFF,0x0)
6:004  0:265  - [03]: Volume: PciRoot(0x0)\Pci(0x1F,0x2)\Sata(0x0,0xFFFF,0x0)\HD(1,GPT,7EB8BFC7-5A4F-415C-86EF-23BD32F64088,0x800,0xFA000)
6:004  0:000          Result of bootcode detection: bootable Windows (vista,win)
6:005  0:000  - [04]: Volume: PciRoot(0x0)\Pci(0x1F,0x2)\Sata(0x0,0xFFFF,0x0)\HD(2,GPT,32A0F158-AE76-49A3-A784-812FB55FEBE5,0xFA800,0x40000)
6:005  0:000  - [05]: Volume: PciRoot(0x0)\Pci(0x1F,0x2)\Sata(0x0,0xFFFF,0x0)\HD(3,GPT,5B1F8E57-F9B0-4DF5-A49E-677568C03B9C,0x13A800,0xC800800)
6:006  0:000          Result of bootcode detection: bootable Windows (vista,win)
6:006  0:000  - [06]: Volume: PciRoot(0x0)\Pci(0x1F,0x2)\Sata(0x0,0xFFFF,0x0)\HD(4,GPT,75C1702D-F9AF-4355-B507-E16FFF3DE62B,0xC93B000,0xC800800)
6:006  0:000          Result of bootcode detection: bootable Windows (vista,win)
6:006  0:000  - [07]: Volume: PciRoot(0x0)\Pci(0x1F,0x2)\Sata(0x0,0xFFFF,0x0)\HD(5,GPT,F927258B-B0CA-4C17-B849-177A44928DD6,0x1913B800,0x1ED07E8F)
6:007  0:000          Result of bootcode detection: bootable Windows (vista,win)
6:007  0:000  - [08]: Volume: PciRoot(0x0)\Pci(0x1F,0x2)\Sata(0x1,0xFFFF,0x0)\HD(1,GPT,9D6AFD0C-C2E2-48C3-A78C-FD06549E7DD7,0x800,0xFA000)
6:007  0:000          Result of bootcode detection: bootable Windows (win)
6:009  0:001          This is SelfVolume !!
6:009  0:000  - [09]: Volume: PciRoot(0x0)\Pci(0x1F,0x2)\Sata(0x1,0xFFFF,0x0)\HD(2,GPT,1122C727-E9D4-44EC-973C-54798F014C4D,0xFA800,0x2C305310)
6:010  0:000          Result of bootcode detection: bootable unknown (legacy)
6:010  0:000  - [10]: Volume: PciRoot(0x0)\Pci(0x1F,0x2)\Sata(0x1,0xFFFF,0x0)\HD(3,GPT,6DCFE811-4CE1-4AE3-B673-3D90F75A5A02,0x2C3FFB10,0xBA03B78)
6:010  0:000  - [11]: Volume: PciRoot(0x0)\Pci(0x1F,0x2)\Sata(0x4,0xFFFF,0x0)\HD(1,GPT,22595C13-6BC0-479B-B3AB-22E2910C5005,0xD6800,0x2579C800)
6:021  0:011          Result of bootcode detection: bootable Windows (vista,win)
6:021  0:000  - [12]: Volume: PciRoot(0x0)\Pci(0x1F,0x2)\Sata(0x4,0xFFFF,0x0)\HD(2,GPT,1DE45189-6944-11E8-82E0-BF77FA4CFCF9,0x25873800,0x25800800)
6:032  0:011          Result of bootcode detection: bootable Windows (vista,win)
6:032  0:000  - [13]: Volume: PciRoot(0x0)\Pci(0x1F,0x2)\Sata(0x4,0xFFFF,0x0)\HD(3,GPT,1DE4518A-6944-11E8-82E0-BF77FA4CFCF9,0x4B074000,0x29692D8F)
6:049  0:017          Result of bootcode detection: bootable Windows (vista,win)
6:049  0:000  - [14]: Volume: PciRoot(0x0)\Pci(0x1F,0x2)\Sata(0x1,0xFFFF,0x0)\HD(2,GPT,1122C727-E9D4-44EC-973C-54798F014C4D,0xFA800,0x2C305310)\VenMedia(BE74FCF7-0B7C-49F3-9147-01F4042E6842,56162368C824A44580F0A00D34DB9580)
6:049  0:000  - [15]: Volume: PciRoot(0x0)\Pci(0x1F,0x2)\Sata(0x1,0xFFFF,0x0)\HD(2,GPT,1122C727-E9D4-44EC-973C-54798F014C4D,0xFA800,0x2C305310)\VenMedia(BE74FCF7-0B7C-49F3-9147-01F4042E6842,7DEE06D51685E947BE667A8344F0F624)
6:050  0:000  - [16]: Volume: PciRoot(0x0)\Pci(0x1F,0x2)\Sata(0x1,0xFFFF,0x0)\HD(2,GPT,1122C727-E9D4-44EC-973C-54798F014C4D,0xFA800,0x2C305310)\VenMedia(BE74FCF7-0B7C-49F3-9147-01F4042E6842,CD497179A9D4AC46910895B05A19CD9F)
6:050  0:000  - [17]: Volume: PciRoot(0x0)\Pci(0x1F,0x2)\Sata(0x1,0xFFFF,0x0)\HD(2,GPT,1122C727-E9D4-44EC-973C-54798F014C4D,0xFA800,0x2C305310)\VenMedia(BE74FCF7-0B7C-49F3-9147-01F4042E6842,B23226604B7FB14EA91E2CB3C5AB816B)
6:050  0:000  Chosen theme Material
6:050  0:000  after NVRAM boot-args=npci=0x3000 nvda_drv=1
6:050  0:000  === [ ScanLoader ] ========================================
6:050  0:000  - [03]: 'EFI'
6:050  0:000          AddLoaderEntry for Volume Name=EFI
6:051  0:001          AddLoaderEntry for Volume Name=EFI
6:053  0:001  - [05]: 'windows10'
6:053  0:000  - [06]: 'oöSSD'
6:053  0:000  - [07]: '‡cSSD'
6:053  0:000  - [08]: 'EFI'
6:057  0:004          AddLoaderEntry for Volume Name=EFI
6:057  0:000       skipped because path `PciRoot(0x0)\Pci(0x1F,0x2)\Sata(0x1,0xFFFF,0x0)\HD(1,GPT,9D6AFD0C-C2E2-48C3-A78C-FD06549E7DD7,0x800,0xFA000)\EFI\BOOT\BOOTX64.efii` is self path!
6:057  0:000  - [10]: 'tim Backup'
6:058  0:000  - [11]: 'HD'
6:058  0:000  - [12]: 'å\‡öHD'
6:058  0:000          AddLoaderEntry for Volume Name=å\‡öHD
6:058  0:000  - [13]: '}HD'
6:059  0:000  - [14]: 'Preboot'
6:063  0:004          AddLoaderEntry for Volume Name=Preboot
6:066  0:003      Check if volume Is Hibernated:
6:066  0:000      Check sleep image 'by signature':
6:066  0:000      using default sleep image name = \private\var\vm\sleepimage
6:066  0:000      sleepimage not found -> Not Found
6:066  0:000      hibernated: no - sign
6:069  0:003          AddLoaderEntry for Volume Name=Preboot
6:075  0:005  - [15]: 'MAC HD'
6:086  0:010          AddLoaderEntry for Volume Name=MAC HD
6:089  0:003      Check if volume Is Hibernated:
6:089  0:000      Check sleep image 'by signature':
6:092  0:003      read prefs \Library\Preferences\com.apple.PowerManagement.plist status=Success
6:092  0:000      using default sleep image name = \private\var\vm\sleepimage
6:093  0:000      sleepimage not found -> Not Found
6:093  0:000      hibernated: no - sign
6:096  0:002  - [16]: 'Recovery'
6:099  0:002          AddLoaderEntry for Volume Name=Recovery
6:105  0:006  - [17]: 'VM'
6:105  0:000  === [ AddCustomTool ] =====================================
6:105  0:000  found tool \EFI\CLOVER\tools\Shell64U.efi
6:105  0:000  Checking EFI partition Volume 3 for Clover
6:105  0:000  Checking EFI partition Volume 8 for Clover
6:107  0:001   Found Clover
6:107  0:000  EmuVariable UninstallEmulation: CloseEvent = Invalid Parameter, original var services restored
6:107  0:000  EmuVariable InstallEmulation: orig vars copied, emu.var.services installed, CreateEvent VirtualAddressChange = Success, CreateEvent ExitBootServices = Success, set Status=Success
6:116  0:009  === [ GetEfiBootDeviceFromNvram ] =========================
6:116  0:000   - found entry 5. 'Boot macOS from MAC HD', Volume 'MAC HD', DevicePath 'PciRoot(0x0)\Pci(0x1F,0x2)\Sata(0x1,0xFFFF,0x0)\HD(2,GPT,1122C727-E9D4-44EC-973C-54798F014C4D,0xFA800,0x2C305310)\VenMedia(BE74FCF7-0B7C-49F3-9147-01F4042E6842,7DEE06D51685E947BE667A8344F0F624)\System\Library\CoreServices\boot.efii'
6:116  0:000  EmuVariable UninstallEmulation: CloseEvent = Success, original var services restored
6:116  0:000  DefaultIndex=5 and MainMenu.EntryCount=13
21:392  15:276  BootVariable of the entry is empty
21:392  0:000  === [ StartLoader ] =======================================
21:392  0:000  Finally: ExternalClock=26MHz BusSpeed=100001kHz CPUFreq=3200MHz PIS: hw.busfrequency=104000000Hz
21:392  0:000  Loading boot.efi  status=Success
21:433  0:041  GetOSVersion: 10.13.6 (17G8030)
21:433  0:000  CSR_CFG: CSR_ALLOW_UNTRUSTED_KEXTS | CSR_ALLOW_UNRESTRICTED_FS | CSR_ALLOW_TASK_FOR_PID | CSR_ALLOW_UNRESTRICTED_DTRACE | CSR_ALLOW_UNRESTRICTED_NVRAM
21:433  0:000  Filtering KextPatches:
21:433  0:000   - [00]: com.apple.driver.usb.AppleUSBXHCI (USB 10.13.4+ by PMHeart) :: BinPatch :: [OS: 10.13.6 | MatchOS: 10.13.x | MatchBuild: All] ==> allowed
21:433  0:000   - [01]: AppleUSBXHCIPCI (USB Port Limit Patch) :: BinPatch :: [OS: 10.13.6 | MatchOS: 10.13 | MatchBuild: All] ==> allowed
21:433  0:000   - [02]: com.apple.iokit.IOAHCIBlockStorage (Enable TRIM for SSD) :: BinPatch :: [OS: 10.13.6 | MatchOS: 10.13 | MatchBuild: All] ==> disabled by user
21:433  0:000   - [03]: IONVMeFamily   (External NVME Icon Patch    ) :: BinPatch :: [OS: 10.13.6 | MatchOS: 10.13 | MatchBuild: All] ==> disabled by user
21:433  0:000   - [04]: USB Port 15->26 (com.apple.driver.usb.AppleUSBXHCI) :: BinPatch :: [OS: 10.13.6 | MatchOS: 10.13.6 | MatchBuild: All] ==> allowed
21:433  0:000  Filtering KernelPatches:
21:433  0:000   - [00]: External NVMe FIX :: [OS: 10.13.6 | MatchOS: 10.13.x | MatchBuild: no] ==> disabled by user
21:433  0:000  Will not patch boot.efi
21:433  0:000  EmuVariable InstallEmulation: orig vars copied, emu.var.services installed, CreateEvent VirtualAddressChange = Success, CreateEvent ExitBootServices = Success, set Status=Success
21:443  0:009  === [ PatchSmbios ] =======================================
21:443  0:000  insert table 9 for dev 0:0
21:443  0:000  insert table 9 for dev 0:1
21:443  0:000  insert table 9 for dev 0:0
21:443  0:000  insert table 9 for dev 0:0
21:444  0:000  Trusting SMBIOS...
21:444  0:000  Channels: 1
21:444  0:000  Interleave: 0 1 2 3 4 5 6 7 8 9 10 11 12 13 14 15 16 17 18 19 20 21 22 23
21:444  0:000  SMBIOS Type 17 Index = 0 => 0 0:
21:444  0:000  BANK 0 DIMM0 EMPTY
21:444  0:000  SMBIOS Type 17 Index = 1 => 1 1:
21:444  0:000  BANK 0 DIMM1 EMPTY
21:444  0:000   partNum=KHX1600C10D3/8GX  
21:444  0:000  SMBIOS Type 17 Index = 2 => 2 2:
21:444  0:000  BANK 0 DIMM2 1600MHz 8192MB
21:444  0:000   partNum=KHX1600C10D3/8G   
21:444  0:000  SMBIOS Type 17 Index = 3 => 3 3:
21:444  0:000  BANK 0 DIMM3 1600MHz 8192MB
21:444  0:000  mTotalSystemMemory = 16384
21:444  0:000  NumberOfMemoryDevices = 4
21:444  0:000  Type20[0]->End = 0x7FFFFF, Type17[2] = 0x2000
21:444  0:000  Type20[1]->End = 0xFFFFFF, Type17[3] = 0x6000
21:444  0:000  Table 131 is present, CPUType=35
21:444  0:000  Change to: 605
21:444  0:000  === [ PatchACPI ] =========================================
21:444  0:000  Xsdt reallocation done
21:444  0:000  old FADT length=10C
21:444  0:000   SignatureFixup: 0x1138DAFF -> 0x0
21:446  0:002  Apply DsdtFixMask=0x00001000
21:446  0:000     drop _DSM mask=0x0000
21:446  0:000  === [ FixBiosDsdt ] =======================================
21:446  0:000  VideoCard devID=0x140110DE
21:446  0:000  DisplayADR1[0] = 0x10000, DisplayADR2[0] = 0x0
21:447  0:000  USBADR[0] = 0x140000 and PCIe = 0xFFFE
21:447  0:000  USBADR[1] = 0x1A0000 and PCIe = 0xFFFE
21:670  0:223  Audio HDA (addr:0x1B0000) setting specified layout-id=1 (0x1)
21:670  0:000  USBADR[2] = 0x1D0000 and PCIe = 0xFFFE
21:670  0:000  Patching DSDT:
21:670  0:000   - [change EHC1 to EH01]: disabled
21:670  0:000   - [change EHC2 to EH02]: disabled
21:670  0:000   - [Rename XHCI to XHC (USB)]: pattern 58484349, patched at: [ (5FD) (6D6C) (6C) (3) (51) (3) ]
21:671  0:000    0 replacements
21:671  0:000  first CPU found at 9137 offset 913A
21:671  0:000  score candidate at 9133
21:671  0:000  score inserted in acpi_cpu_score _PR_
21:671  0:000  Found ACPI CPU: CPU0 | CPU1 | CPU2 | CPU3 | CPU4 | CPU5 | CPU6 | CPU7 , within the score: _PR_
21:671  0:000  Start USB Fix
21:671  0:000  USB bridge[140000] at 6AFB, size = AD9
21:671  0:000  USB bridge[1A0000] at 68A4, size = 249
21:671  0:000   found slave _DSM, skip
21:671  0:000  USB bridge[1D0000] at 6539, size = 369
21:671  0:000   found slave _DSM, skip
21:672  0:000  PreCleanup XSDT: count=15, length=156
21:672  0:000  PreCleanup XSDT, corrected XSDT: count=15, length=156
21:672  0:000  === [ ACPIDropTables ] ====================================
21:672  0:000  === [ DropSSDT ] ==========================================
21:672  0:000  Drop tables from XSDT, SIGN=SSDT TableID= Length=0
21:672  0:000   Table[5]: SSDT  Ther_Rvp  3197 dropped
21:672  0:000   Table[6]: SSDT  Cpu0Ist  1337 dropped
21:672  0:000   Table[7]: SSDT  CpuSsdt  2932 dropped
21:672  0:000   Table[10]: SSDT  SataTabl  877 dropped
21:672  0:000   Table[11]: SSDT  SaSsdt   22581 dropped
21:672  0:000  === [ ACPIPatchedAML ] ====================================
21:672  0:000  Sorted
21:672  0:000  Inserting table[0]:ssdt.aml from EFI\CLOVER\ACPI\patched: size=1872 ... Success
21:672  0:000  CPUBase=0 and ApicCPUBase=1 ApicCPUNum=4
21:672  0:000  Cleanup XSDT: count=16, length=164
21:672  0:000  corrected XSDT count=11, length=124
21:672  0:000  === [ RestSetup macOS ] ===================================
21:672  0:000  EdidDiscovered size=0
21:672  0:000  add device: PciRoot(0x0)/Pci(0x1F,0x0)
21:672  0:000     Add key=device-id valuelen=4
21:672  0:000     Add key=compatible valuelen=13
21:672  0:000  NVidia GFX injection not set
21:672  0:000   setting specified layout-id=1 (0x1)
21:673  0:000  stringlength = 2480
21:673  0:000  CurrentMode: Width=1280 Height=1024
21:673  0:000  Beginning FSInjection
FSInjectionInstall ...
- Our FSI_SIMPLE_FILE_SYSTEM_PROTOCOL installed on handle: C9EE3318
FSInjectionInstall ...
- Our FSI_SIMPLE_FILE_SYSTEM_PROTOCOL installed on handle: C9EE3318
21:673  0:000  Use origin smbios table type 1 guid.
21:674  0:000  Preparing kexts injection for arch=x86_64 from EFI\CLOVER\kexts\Other
21:674  0:000  Extra kext: EFI\CLOVER\kexts\Other\FakePCIID_XHCIMux.kext (v.1.3.15)
21:684  0:010  Extra kext: EFI\CLOVER\kexts\Other\FakePCIID.kext (v.1.3.15)
21:695  0:010  Extra kext: EFI\CLOVER\kexts\Other\FakePCIID_Intel_HD_Graphics.kext (v.1.3.15)
21:706  0:011  Extra kext: EFI\CLOVER\kexts\Other\FakeSMC.kext (v.1800)
21:721  0:014  Extra kext: EFI\CLOVER\kexts\Other\IntelGraphicsFixup.kext (v.1.2.7)
21:734  0:013  Extra kext: EFI\CLOVER\kexts\Other\Shiki.kext (v.2.2.7)
21:745  0:011  Extra kext: EFI\CLOVER\kexts\Other\FakeSMC_CPUSensors.kext (v.1800)
21:758  0:012  Extra kext: EFI\CLOVER\kexts\Other\FakeSMC_GPUSensors.kext (v.1800)
21:773  0:014  Extra kext: EFI\CLOVER\kexts\Other\NvidiaGraphicsFixup.kext (v.1.2.7)
21:785  0:012  Extra kext: EFI\CLOVER\kexts\Other\FakeSMC_ACPISensors.kext (v.1800)
21:804  0:018  Extra kext: EFI\CLOVER\kexts\Other\USBInjectAll.kext (v.0.7.1)
22:061  0:257  Extra kext: EFI\CLOVER\kexts\Other\NullCPUPowerManagement.kext (v.1.0.0d2)
22:069  0:007  Extra kext: EFI\CLOVER\kexts\Other\IntelGraphicsDVMTFixup.kext (v.1.2.2)
22:082  0:012  Extra kext: EFI\CLOVER\kexts\Other\FakeSMC_LPCSensors.kext (v.1800)
22:235  0:152  Extra kext: EFI\CLOVER\kexts\Other\CodecCommander.kext (v.2.5.0)
22:257  0:022  Extra kext: EFI\CLOVER\kexts\Other\AtherosE2200Ethernet.kext (v.2.2.2)
22:268  0:010  Extra kext: EFI\CLOVER\kexts\Other\AppleALC.kext (v.1.2.8)
22:682  0:413  Extra kext: EFI\CLOVER\kexts\Other\FakeSMC_SMMSensors.kext (v.1800)
22:699  0:017  Extra kext: EFI\CLOVER\kexts\Other\Lilu.kext (v.1.3.7)
22:716  0:016  SetScreenResolution: 1280x1024 - already set
22:716  0:000  Custom boot is disabled
22:716  0:000  Closing log
